
> zsd.forecast.unrestricted@0.0.1 start-noflp
> fiori run --open "index.html?sap-ui-xx-viewCache=false" --port 8089

[32minfo[39m fiori-tools-proxy Using UI5 version 1.120.0 based on manifest.json
[32minfo[39m fiori-tools-proxy Starting fiori-tools-proxy using following configuration:
[32minfo[39m fiori-tools-proxy proxy: 'undefined'
[32minfo[39m fiori-tools-proxy ignoreCertErrors: 'false'
[32minfo[39m fiori-tools-proxy backend: undefined
[32minfo[39m fiori-tools-proxy ui5: [{"path":"/resources","url":"https://ui5.sap.com","version":"1.120.0"},{"path":"/test-resources","url":"https://ui5.sap.com","version":"1.120.0"}]
[32minfo[39m fiori-tools-proxy debug: 'false'
[32minfo[39m fiori-tools-appreload Livereload middleware started for port 35730 and path C:\Users\Valdemir\projects\zsd-forecast-unrestricted-ui5\webapp
[32minfo[39m fiori-tools-preview Initialized for app zsd.forecast.unrestricted
Server started
URL: http://localhost:8089
[32minfo[39m fiori-tools-preview HTML file returned at /test/flpSandbox.html is loaded from the file system.
[32minfo[39m fiori-tools-preview HTML file returned at /test/flpSandbox.html is loaded from the file system.
[32minfo[39m fiori-tools-preview HTML file returned at /test/flpSandbox.html is loaded from the file system.
[32minfo[39m fiori-tools-preview HTML file returned at /test/flpSandbox.html is loaded from the file system.
[32minfo[39m fiori-tools-preview HTML file returned at /test/flpSandbox.html is loaded from the file system.
[32minfo[39m fiori-tools-preview HTML file returned at /test/flpSandbox.html is loaded from the file system.
[32minfo[39m fiori-tools-preview HTML file returned at /test/flpSandbox.html is loaded from the file system.
[32minfo[39m fiori-tools-preview HTML file returned at /test/flpSandbox.html is loaded from the file system.
[32minfo[39m fiori-tools-preview HTML file returned at /test/flpSandbox.html is loaded from the file system.
[32minfo[39m fiori-tools-preview HTML file returned at /test/flpSandbox.html is loaded from the file system.
[32minfo[39m fiori-tools-preview HTML file returned at /test/flpSandbox.html is loaded from the file system.
[32minfo[39m fiori-tools-preview HTML file returned at /test/flpSandbox.html is loaded from the file system.
[32minfo[39m fiori-tools-preview HTML file returned at /test/flpSandbox.html is loaded from the file system.
[32minfo[39m fiori-tools-preview HTML file returned at /test/flpSandbox.html is loaded from the file system.
[32minfo[39m fiori-tools-preview HTML file returned at /test/flpSandbox.html is loaded from the file system.
[32minfo[39m fiori-tools-preview HTML file returned at /test/flpSandbox.html is loaded from the file system.
[32minfo[39m fiori-tools-preview HTML file returned at /test/flpSandbox.html is loaded from the file system.
[32minfo[39m fiori-tools-preview HTML file returned at /test/flpSandbox.html is loaded from the file system.
[32minfo[39m fiori-tools-preview HTML file returned at /test/flpSandbox.html is loaded from the file system.
[32minfo[39m fiori-tools-preview HTML file returned at /test/flpSandbox.html is loaded from the file system.
[32minfo[39m fiori-tools-preview HTML file returned at /test/flpSandbox.html is loaded from the file system.
[32minfo[39m fiori-tools-preview HTML file returned at /test/flpSandbox.html is loaded from the file system.
[32minfo[39m fiori-tools-preview HTML file returned at /test/flpSandbox.html is loaded from the file system.
[32minfo[39m fiori-tools-preview HTML file returned at /test/flpSandbox.html is loaded from the file system.
[32minfo[39m fiori-tools-preview HTML file returned at /test/flpSandbox.html is loaded from the file system.
[32minfo[39m fiori-tools-preview HTML file returned at /test/flpSandbox.html is loaded from the file system.
[32minfo[39m fiori-tools-preview HTML file returned at /test/flpSandbox.html is loaded from the file system.
[32minfo[39m fiori-tools-preview HTML file returned at /test/flpSandbox.html is loaded from the file system.
[32minfo[39m fiori-tools-preview HTML file returned at /test/flpSandbox.html is loaded from the file system.
[32minfo[39m fiori-tools-preview HTML file returned at /test/flpSandbox.html is loaded from the file system.
[32minfo[39m fiori-tools-preview HTML file returned at /test/flpSandbox.html is loaded from the file system.
[32minfo[39m fiori-tools-preview HTML file returned at /test/flpSandbox.html is loaded from the file system.
[32minfo[39m fiori-tools-preview HTML file returned at /test/flpSandbox.html is loaded from the file system.
[32minfo[39m fiori-tools-preview HTML file returned at /test/flpSandbox.html is loaded from the file system.
[32minfo[39m fiori-tools-preview HTML file returned at /test/flpSandbox.html is loaded from the file system.
[32minfo[39m fiori-tools-preview HTML file returned at /test/flpSandbox.html is loaded from the file system.
[32minfo[39m fiori-tools-preview HTML file returned at /test/flpSandbox.html is loaded from the file system.
[32minfo[39m fiori-tools-preview HTML file returned at /test/flpSandbox.html is loaded from the file system.
[32minfo[39m fiori-tools-preview HTML file returned at /test/flpSandbox.html is loaded from the file system.
[32minfo[39m fiori-tools-preview HTML file returned at /test/flpSandbox.html is loaded from the file system.
[32minfo[39m fiori-tools-preview HTML file returned at /test/flpSandbox.html is loaded from the file system.
[32minfo[39m fiori-tools-preview HTML file returned at /test/flpSandbox.html is loaded from the file system.
[32minfo[39m fiori-tools-preview HTML file returned at /test/flpSandbox.html is loaded from the file system.
[32minfo[39m fiori-tools-preview HTML file returned at /test/flpSandbox.html is loaded from the file system.
[32minfo[39m fiori-tools-preview HTML file returned at /test/flpSandbox.html is loaded from the file system.
[32minfo[39m fiori-tools-preview HTML file returned at /test/flpSandbox.html is loaded from the file system.
[32minfo[39m fiori-tools-preview HTML file returned at /test/flpSandbox.html is loaded from the file system.
[32minfo[39m fiori-tools-preview HTML file returned at /test/flpSandbox.html is loaded from the file system.
